  pch.cpp
  AssemblyInfo.cpp
  CEscenario.cpp
Z:\TusClases\Andres Reynoso\Trabajo Final\Avance 2\TF\TF\CEscenario.h(29,13): warning C4244: 'argumento': conversión de 'time_t' a 'unsigned int'; posible pérdida de datos
  CJuego.cpp
Z:\TusClases\Andres Reynoso\Trabajo Final\Avance 2\TF\TF\CEscenario.h(29,13): warning C4244: 'argumento': conversión de 'time_t' a 'unsigned int'; posible pérdida de datos
Z:\TusClases\Andres Reynoso\Trabajo Final\Avance 2\TF\TF\entidad.h(94,13): warning C4244: 'inicializando': conversión de 'double' a 'int'; posible pérdida de datos
Z:\TusClases\Andres Reynoso\Trabajo Final\Avance 2\TF\TF\entidad.h(95,12): warning C4244: 'inicializando': conversión de 'double' a 'int'; posible pérdida de datos
  Corrupt.cpp
  MyForm.cpp
Z:\TusClases\Andres Reynoso\Trabajo Final\Avance 2\TF\TF\CEscenario.h(29,13): warning C4244: 'argumento': conversión de 'time_t' a 'unsigned int'; posible pérdida de datos
Z:\TusClases\Andres Reynoso\Trabajo Final\Avance 2\TF\TF\entidad.h(94,13): warning C4244: 'inicializando': conversión de 'double' a 'int'; posible pérdida de datos
Z:\TusClases\Andres Reynoso\Trabajo Final\Avance 2\TF\TF\entidad.h(95,12): warning C4244: 'inicializando': conversión de 'double' a 'int'; posible pérdida de datos
  Personaje.cpp
  Principal.cpp
  TF.cpp
Z:\TusClases\Andres Reynoso\Trabajo Final\Avance 2\TF\TF\CEscenario.h(29,13): warning C4244: 'argumento': conversión de 'time_t' a 'unsigned int'; posible pérdida de datos
Z:\TusClases\Andres Reynoso\Trabajo Final\Avance 2\TF\TF\entidad.h(94,13): warning C4244: 'inicializando': conversión de 'double' a 'int'; posible pérdida de datos
Z:\TusClases\Andres Reynoso\Trabajo Final\Avance 2\TF\TF\entidad.h(95,12): warning C4244: 'inicializando': conversión de 'double' a 'int'; posible pérdida de datos
  Generando código...
  .NETFramework,Version=v4.7.2.AssemblyAttributes.cpp
  AssemblyInfo.obj : se encontró un módulo MSIL; vinculación incremental deshabilitada para MSIL; ejecutando vínculo completo
  TF.vcxproj -> Z:\TusClases\Andres Reynoso\Trabajo Final\Avance 2\TF\x64\Debug\TF.exe
